<?xml version="1.0" encoding="UTF-8"?>
<testsuite xmlns:xsi="http://www.w3.org/2001/XMLSchema-instance" xsi:schemaLocation="https://maven.apache.org/surefire/maven-surefire-plugin/xsd/surefire-test-report.xsd" name="TestSuite" time="375.559" tests="20" errors="0" skipped="1" failures="0">
  <properties>
    <property name="java.runtime.name" value="Java(TM) SE Runtime Environment"/>
    <property name="sun.boot.library.path" value="C:\Program Files\Java\jdk1.8.0_171\jre\bin"/>
    <property name="java.vm.version" value="25.171-b11"/>
    <property name="java.vm.vendor" value="Oracle Corporation"/>
    <property name="maven.multiModuleProjectDirectory" value="C:\Users\nagarjuna\eclipse-workspace\gitrepo\RakuRaku"/>
    <property name="java.vendor.url" value="http://java.oracle.com/"/>
    <property name="path.separator" value=";"/>
    <property name="guice.disable.misplaced.annotation.check" value="true"/>
    <property name="java.vm.name" value="Java HotSpot(TM) 64-Bit Server VM"/>
    <property name="file.encoding.pkg" value="sun.io"/>
    <property name="user.script" value=""/>
    <property name="user.country" value="US"/>
    <property name="sun.java.launcher" value="SUN_STANDARD"/>
    <property name="sun.os.patch.level" value=""/>
    <property name="java.vm.specification.name" value="Java Virtual Machine Specification"/>
    <property name="user.dir" value="C:\Users\nagarjuna\eclipse-workspace\gitrepo\RakuRaku"/>
    <property name="java.runtime.version" value="1.8.0_171-b11"/>
    <property name="java.awt.graphicsenv" value="sun.awt.Win32GraphicsEnvironment"/>
    <property name="java.endorsed.dirs" value="C:\Program Files\Java\jdk1.8.0_171\jre\lib\endorsed"/>
    <property name="os.arch" value="amd64"/>
    <property name="java.io.tmpdir" value="C:\Users\NAGARJ~1\AppData\Local\Temp\"/>
    <property name="line.separator" value="&#10;"/>
    <property name="java.vm.specification.vendor" value="Oracle Corporation"/>
    <property name="user.variant" value=""/>
    <property name="os.name" value="Windows 8.1"/>
    <property name="suiteXmlFile" value="testNG.xml"/>
    <property name="classworlds.conf" value="C:\Users\nagarjuna\.jenkins\tools\hudson.tasks.Maven_MavenInstallation\M2_HOME\bin\m2.conf"/>
    <property name="sun.jnu.encoding" value="Cp1252"/>
    <property name="java.library.path" value="C:\Program Files\Java\jdk1.8.0_171\bin;C:\Windows\Sun\Java\bin;C:\Windows\system32;C:\Windows;C:\Users\nagarjuna\.jenkins\tools\hudson.tasks.Maven_MavenInstallation\M2_HOME/bin;C:\Program Files\Java\jdk1.8.0_171/bin;C:\Program Files\Java\jdk1.8.0_171/bin;C:\Program Files (x86)\Common Files\Oracle\Java\javapath;C:\Windows\system32;C:\Windows;C:\Windows\System32\Wbem;C:\Windows\System32\WindowsPowerShell\v1.0\;C:\Program Files\nodejs\;C:\Program Files\Android Studio SDK\sdk\platform-tools;C:\Program Files\Android Studio SDK\sdk\tools;C:\Program Files\Java\jdk1.8.0_171\bin;C:\Program Files (x86)\Skype\Phone\;."/>
    <property name="java.specification.name" value="Java Platform API Specification"/>
    <property name="java.class.version" value="52.0"/>
    <property name="sun.management.compiler" value="HotSpot 64-Bit Tiered Compilers"/>
    <property name="os.version" value="6.3"/>
    <property name="user.home" value="C:\Users\nagarjuna"/>
    <property name="user.timezone" value="Asia/Calcutta"/>
    <property name="java.awt.printerjob" value="sun.awt.windows.WPrinterJob"/>
    <property name="java.specification.version" value="1.8"/>
    <property name="file.encoding" value="Cp1252"/>
    <property name="user.name" value="nagarjuna"/>
    <property name="java.class.path" value="C:\Users\nagarjuna\.jenkins\tools\hudson.tasks.Maven_MavenInstallation\M2_HOME\boot\plexus-classworlds-2.5.2.jar"/>
    <property name="java.vm.specification.version" value="1.8"/>
    <property name="sun.arch.data.model" value="64"/>
    <property name="java.home" value="C:\Program Files\Java\jdk1.8.0_171\jre"/>
    <property name="sun.java.command" value="org.codehaus.plexus.classworlds.launcher.Launcher -f pom.xml test -DsuiteXmlFile=testNG.xml"/>
    <property name="java.specification.vendor" value="Oracle Corporation"/>
    <property name="user.language" value="en"/>
    <property name="awt.toolkit" value="sun.awt.windows.WToolkit"/>
    <property name="java.vm.info" value="mixed mode"/>
    <property name="java.version" value="1.8.0_171"/>
    <property name="java.ext.dirs" value="C:\Program Files\Java\jdk1.8.0_171\jre\lib\ext;C:\Windows\Sun\Java\lib\ext"/>
    <property name="sun.boot.class.path" value="C:\Program Files\Java\jdk1.8.0_171\jre\lib\resources.jar;C:\Program Files\Java\jdk1.8.0_171\jre\lib\rt.jar;C:\Program Files\Java\jdk1.8.0_171\jre\lib\sunrsasign.jar;C:\Program Files\Java\jdk1.8.0_171\jre\lib\jsse.jar;C:\Program Files\Java\jdk1.8.0_171\jre\lib\jce.jar;C:\Program Files\Java\jdk1.8.0_171\jre\lib\charsets.jar;C:\Program Files\Java\jdk1.8.0_171\jre\lib\jfr.jar;C:\Program Files\Java\jdk1.8.0_171\jre\classes"/>
    <property name="java.vendor" value="Oracle Corporation"/>
    <property name="maven.home" value="C:\Users\nagarjuna\.jenkins\tools\hudson.tasks.Maven_MavenInstallation\M2_HOME"/>
    <property name="file.separator" value="\"/>
    <property name="java.vendor.url.bug" value="http://bugreport.sun.com/bugreport/"/>
    <property name="sun.cpu.endian" value="little"/>
    <property name="sun.io.unicode.encoding" value="UnicodeLittle"/>
    <property name="sun.desktop" value="windows"/>
    <property name="sun.cpu.isalist" value="amd64"/>
  </properties>
  <testcase name="verifyLogin" classname="com.test.automation.RakuRaku.loginpage.TC002_Verifylogin" time="4.793"/>
  <testcase name="verifyLogin" classname="com.test.automation.RakuRaku.loginpage.TC002_Verifylogin" time="0">
    <skipped message="unknown error: Element &lt;button type=&quot;button&quot; class=&quot;btn blue btn-lg btn-block rounded-3 font-hg bold&quot; id=&quot;btnLogIn&quot;&gt;...&lt;/button&gt; is not clickable at point (640, 228). Other element would receive the click: &lt;div class=&quot;blockUI blockOverlay&quot; style=&quot;z-index: 1000; border: none; margin: 0px; padding: 0px; width: 100%; height: 100%; top: 0px; left: 0px; background-color: rgb(85, 85, 85); opacity: 0.9; cursor: wait; position: fixed;&quot;&gt;&lt;/div&gt;&#10;  (Session info: chrome=66.0.3359.139)&#10;  (Driver info: chromedriver=2.36.540470 (e522d04694c7ebea4ba8821272dbef4f9b818c91),platform=Windows NT 6.3.9600 x86_64) (WARNING: The server did not provide any stacktrace information)&#10;Command duration or timeout: 0 milliseconds&#10;Build info: version: &apos;3.11.0&apos;, revision: &apos;e59cfb3&apos;, time: &apos;2018-03-11T20:26:55.152Z&apos;&#10;System info: host: &apos;NAGARJUNA-Y&apos;, ip: &apos;192.168.167.149&apos;, os.name: &apos;Windows 8.1&apos;, os.arch: &apos;amd64&apos;, os.version: &apos;6.3&apos;, java.version: &apos;1.8.0_171&apos;&#10;Driver info: org.openqa.selenium.chrome.ChromeDriver&#10;Capabilities {acceptInsecureCerts: false, acceptSslCerts: false, applicationCacheEnabled: false, browserConnectionEnabled: false, browserName: chrome, chrome: {chromedriverVersion: 2.36.540470 (e522d04694c7eb..., userDataDir: C:\Users\NAGARJ~1\AppData\L...}, cssSelectorsEnabled: true, databaseEnabled: false, handlesAlerts: true, hasTouchScreen: false, javascriptEnabled: true, locationContextEnabled: true, mobileEmulationEnabled: false, nativeEvents: true, networkConnectionEnabled: false, pageLoadStrategy: normal, platform: XP, platformName: XP, rotatable: false, setWindowRect: true, takesHeapSnapshot: true, takesScreenshot: true, unexpectedAlertBehaviour: , unhandledPromptBehavior: , version: 66.0.3359.139, webStorageEnabled: true}&#10;Session ID: 8a31d23a2510aebbf6bd81efd89b9a9d"/>
    <system-out><![CDATA[2018-05-11 10:12:22 INFO  TestBase:160 - =========>Start verify login
2018-05-11 10:12:22 INFO  LoginPage:65 - entered facility id:-fp-ifttest and object is[[ChromeDriver: chrome on XP (8a31d23a2510aebbf6bd81efd89b9a9d)] -> xpath: //*[@id="txtUserId"]]
2018-05-11 10:12:23 INFO  LoginPage:65 - entered password:-hhh and object is[[ChromeDriver: chrome on XP (8a31d23a2510aebbf6bd81efd89b9a9d)] -> xpath: //*[@id="txtPassword"]]
2018-05-11 10:12:25 INFO  Retry:39 - Retrying testverifyLoginwith status nullfor the1time(s).
]]></system-out>
  </testcase>
  <testcase name="verifyLogin" classname="com.test.automation.RakuRaku.loginpage.TC002_Verifylogin" time="2.598"/>
  <testcase name="verifyLogin" classname="com.test.automation.RakuRaku.loginpage.TC002_Verifylogin" time="2.555"/>
  <testcase name="verifyLogin" classname="com.test.automation.RakuRaku.loginpage.TC002_Verifylogin" time="2.669"/>
  <testcase name="verifyLogin" classname="com.test.automation.RakuRaku.loginpage.TC002_Verifylogin" time="2.625"/>
  <testcase name="verifyLogin" classname="com.test.automation.RakuRaku.loginpage.TC002_Verifylogin" time="2.609"/>
  <testcase name="verifyLogin" classname="com.test.automation.RakuRaku.loginpage.TC002_Verifylogin" time="2.601"/>
  <testcase name="verifyLogin" classname="com.test.automation.RakuRaku.loginpage.TC002_Verifylogin" time="2.685"/>
  <testcase name="verifyLogin_EmptyID_EmptyPassword" classname="com.test.automation.RakuRaku.loginpage.TC001_VerifyLoginWithInvalidCredentails" time="2.399"/>
  <testcase name="verifyLogin_InvalidID_ValidPassword" classname="com.test.automation.RakuRaku.loginpage.TC001_VerifyLoginWithInvalidCredentails" time="5.16"/>
  <testcase name="verifyLogin_EmptyID_ValidPassword" classname="com.test.automation.RakuRaku.loginpage.TC001_VerifyLoginWithInvalidCredentails" time="2.265"/>
  <testcase name="verifyLogin_ValidID_EmptyPassword" classname="com.test.automation.RakuRaku.loginpage.TC001_VerifyLoginWithInvalidCredentails" time="2.346"/>
  <testcase name="verifyLogin_InvalidID_InvalidPassword" classname="com.test.automation.RakuRaku.loginpage.TC001_VerifyLoginWithInvalidCredentails" time="2.777"/>
  <testcase name="verifyLogin_InvalidID_EmptyPassword" classname="com.test.automation.RakuRaku.loginpage.TC001_VerifyLoginWithInvalidCredentails" time="2.314"/>
  <testcase name="verifyLogin_EmptyID_InvalidPassword" classname="com.test.automation.RakuRaku.loginpage.TC001_VerifyLoginWithInvalidCredentails" time="2.264"/>
  <testcase name="reservationBooking" classname="com.test.automation.RakuRaku.homepage.TC005_VerifyReservationbooking" time="46.803"/>
  <testcase name="callTaxibutton" classname="com.test.automation.RakuRaku.homepage.TC007_CallTaxiScreen_Bookingdetails_Validation" time="7.175"/>
  <testcase name="rideNow" classname="com.test.automation.RakuRaku.homepage.TC003_VerifyRideNowBooking" time="227.948"/>
  <testcase name="apiServerDown" classname="com.test.automation.RakuRaku.apiserverdown.TC006_ApiServerDown" time="4.452"/>
</testsuite>