<?xml version="1.0" encoding="UTF-8"?>
<!-- Generated by org.testng.reporters.JUnitReportReporter -->
<testsuite skipped="0" hostname="Nagarjuna-Y" name="com.test.automation.RakuRaku.homepage.TC003_VerifyRideNowBooking" tests="1" failures="0" timestamp="11 May 2018 04:48:21 GMT" time="228.267" errors="0">
  <testcase name="rideNow" time="228.267" classname="com.test.automation.RakuRaku.homepage.TC003_VerifyRideNowBooking"/>
</testsuite> <!-- com.test.automation.RakuRaku.homepage.TC003_VerifyRideNowBooking -->
