<?xml version="1.0" encoding="UTF-8"?>
<!-- Generated by org.testng.reporters.JUnitReportReporter -->
<testsuite skipped="0" hostname="Nagarjuna-Y" name="com.test.automation.RakuRaku.loginpage.TC001_VerifyLoginWithInvalidCredentails" tests="7" failures="0" timestamp="11 May 2018 04:48:21 GMT" time="21.555" errors="0">
  <testcase name="verifyLogin_EmptyID_EmptyPassword" time="2.681" classname="com.test.automation.RakuRaku.loginpage.TC001_VerifyLoginWithInvalidCredentails"/>
  <testcase name="verifyLogin_InvalidID_ValidPassword" time="5.438" classname="com.test.automation.RakuRaku.loginpage.TC001_VerifyLoginWithInvalidCredentails"/>
  <testcase name="verifyLogin_EmptyID_ValidPassword" time="2.548" classname="com.test.automation.RakuRaku.loginpage.TC001_VerifyLoginWithInvalidCredentails"/>
  <testcase name="verifyLogin_ValidID_EmptyPassword" time="2.655" classname="com.test.automation.RakuRaku.loginpage.TC001_VerifyLoginWithInvalidCredentails"/>
  <testcase name="verifyLogin_InvalidID_InvalidPassword" time="3.081" classname="com.test.automation.RakuRaku.loginpage.TC001_VerifyLoginWithInvalidCredentails"/>
  <testcase name="verifyLogin_InvalidID_EmptyPassword" time="2.596" classname="com.test.automation.RakuRaku.loginpage.TC001_VerifyLoginWithInvalidCredentails"/>
  <testcase name="verifyLogin_EmptyID_InvalidPassword" time="2.556" classname="com.test.automation.RakuRaku.loginpage.TC001_VerifyLoginWithInvalidCredentails"/>
</testsuite> <!-- com.test.automation.RakuRaku.loginpage.TC001_VerifyLoginWithInvalidCredentails -->
