<?xml version="1.0" encoding="UTF-8"?>
<!-- Generated by org.testng.reporters.JUnitReportReporter -->
<testsuite skipped="1" hostname="Nagarjuna-Y" name="com.test.automation.RakuRaku.loginpage.TC002_Verifylogin" tests="9" failures="0" timestamp="11 May 2018 04:48:21 GMT" time="27.703" errors="0">
  <testcase name="verifyLogin" time="2.960" classname="com.test.automation.RakuRaku.loginpage.TC002_Verifylogin"/>
  <testcase name="verifyLogin" time="2.989" classname="com.test.automation.RakuRaku.loginpage.TC002_Verifylogin"/>
  <testcase name="verifyLogin" time="2.885" classname="com.test.automation.RakuRaku.loginpage.TC002_Verifylogin"/>
  <testcase name="verifyLogin" time="5.075" classname="com.test.automation.RakuRaku.loginpage.TC002_Verifylogin"/>
  <testcase name="verifyLogin" time="2.901" classname="com.test.automation.RakuRaku.loginpage.TC002_Verifylogin"/>
  <testcase name="verifyLogin" time="2.842" classname="com.test.automation.RakuRaku.loginpage.TC002_Verifylogin"/>
  <testcase name="verifyLogin" time="2.621" classname="com.test.automation.RakuRaku.loginpage.TC002_Verifylogin"/>
  <testcase name="verifyLogin" time="2.549" classname="com.test.automation.RakuRaku.loginpage.TC002_Verifylogin">
    <skipped/>
  </testcase> <!-- verifyLogin -->
  <testcase name="verifyLogin" time="2.881" classname="com.test.automation.RakuRaku.loginpage.TC002_Verifylogin"/>
</testsuite> <!-- com.test.automation.RakuRaku.loginpage.TC002_Verifylogin -->
