<?xml version="1.0" encoding="UTF-8"?>
<!-- Generated by org.testng.reporters.JUnitReportReporter -->
<testsuite skipped="0" hostname="Nagarjuna-Y" name="com.test.automation.RakuRaku.homepage.TC005_VerifyReservationbooking" tests="1" failures="0" timestamp="11 May 2018 04:48:21 GMT" time="47.116" errors="0">
  <testcase name="reservationBooking" time="47.116" classname="com.test.automation.RakuRaku.homepage.TC005_VerifyReservationbooking"/>
</testsuite> <!-- com.test.automation.RakuRaku.homepage.TC005_VerifyReservationbooking -->
