<?xml version="1.0" encoding="UTF-8"?>
<!-- Generated by org.testng.reporters.JUnitReportReporter -->
<testsuite skipped="0" hostname="Nagarjuna-Y" name="com.test.automation.RakuRaku.apiserverdown.TC006_ApiServerDown" tests="1" failures="0" timestamp="11 May 2018 04:48:21 GMT" time="4.749" errors="0">
  <testcase name="apiServerDown" time="4.749" classname="com.test.automation.RakuRaku.apiserverdown.TC006_ApiServerDown"/>
</testsuite> <!-- com.test.automation.RakuRaku.apiserverdown.TC006_ApiServerDown -->
