<?xml version="1.0" encoding="UTF-8"?>
<!-- Generated by org.testng.reporters.JUnitReportReporter -->
<testsuite skipped="0" hostname="Nagarjuna-Y" name="com.test.automation.RakuRaku.loginpage.TC001_VerifyLoginWithInvalidCredentails" tests="7" failures="0" timestamp="07 May 2018 06:33:36 GMT" time="23.700" errors="0">
  <testcase name="verifyLogin_EmptyID_EmptyPassword" time="2.763" classname="com.test.automation.RakuRaku.loginpage.TC001_VerifyLoginWithInvalidCredentails"/>
  <testcase name="verifyLogin_InvalidID_ValidPassword" time="7.235" classname="com.test.automation.RakuRaku.loginpage.TC001_VerifyLoginWithInvalidCredentails"/>
  <testcase name="verifyLogin_EmptyID_ValidPassword" time="2.589" classname="com.test.automation.RakuRaku.loginpage.TC001_VerifyLoginWithInvalidCredentails"/>
  <testcase name="verifyLogin_ValidID_EmptyPassword" time="2.601" classname="com.test.automation.RakuRaku.loginpage.TC001_VerifyLoginWithInvalidCredentails"/>
  <testcase name="verifyLogin_InvalidID_InvalidPassword" time="3.243" classname="com.test.automation.RakuRaku.loginpage.TC001_VerifyLoginWithInvalidCredentails"/>
  <testcase name="verifyLogin_InvalidID_EmptyPassword" time="2.709" classname="com.test.automation.RakuRaku.loginpage.TC001_VerifyLoginWithInvalidCredentails"/>
  <testcase name="verifyLogin_EmptyID_InvalidPassword" time="2.560" classname="com.test.automation.RakuRaku.loginpage.TC001_VerifyLoginWithInvalidCredentails"/>
</testsuite> <!-- com.test.automation.RakuRaku.loginpage.TC001_VerifyLoginWithInvalidCredentails -->
