<?xml version="1.0" encoding="UTF-8"?>
<!-- Generated by org.testng.reporters.JUnitReportReporter -->
<testsuite hostname="Nagarjuna-Y" failures="0" tests="5" name="com.test.automation.RakuRaku.loginpage.TC003_Verifylogin" time="57.923" errors="0" timestamp="23 Apr 2018 06:34:08 GMT" skipped="0">
  <testcase classname="com.test.automation.RakuRaku.loginpage.TC003_Verifylogin" name="verifyLogin" time="12.147"/>
  <testcase classname="com.test.automation.RakuRaku.loginpage.TC003_Verifylogin" name="verifyLogin" time="12.420"/>
  <testcase classname="com.test.automation.RakuRaku.loginpage.TC003_Verifylogin" name="verifyLogin" time="11.416"/>
  <testcase classname="com.test.automation.RakuRaku.loginpage.TC003_Verifylogin" name="verifyLogin" time="10.741"/>
  <testcase classname="com.test.automation.RakuRaku.loginpage.TC003_Verifylogin" name="verifyLogin" time="11.199"/>
</testsuite> <!-- com.test.automation.RakuRaku.loginpage.TC003_Verifylogin -->
