<?xml version="1.0" encoding="UTF-8"?>
<!-- Generated by org.testng.reporters.JUnitReportReporter -->
<testsuite skipped="0" hostname="Nagarjuna-Y" name="com.test.automation.RakuRaku.homepage.TC007_CallTaxiScreen_Bookingdetails_Validation" tests="1" failures="0" timestamp="09 May 2018 05:21:47 GMT" time="7.867" errors="0">
  <testcase name="callTaxibutton" time="7.867" classname="com.test.automation.RakuRaku.homepage.TC007_CallTaxiScreen_Bookingdetails_Validation"/>
</testsuite> <!-- com.test.automation.RakuRaku.homepage.TC007_CallTaxiScreen_Bookingdetails_Validation -->
