<?xml version="1.0" encoding="UTF-8"?>
<!-- Generated by org.testng.reporters.JUnitReportReporter -->
<testsuite hostname="Nagarjuna-Y" failures="0" tests="1" name="com.test.automation.RakuRaku.homepage.TC002_VerifyRideNowBooking" time="81.125" errors="0" timestamp="23 Apr 2018 06:25:05 GMT" skipped="0">
  <testcase classname="com.test.automation.RakuRaku.homepage.TC002_VerifyRideNowBooking" name="rideNow" time="81.125"/>
</testsuite> <!-- com.test.automation.RakuRaku.homepage.TC002_VerifyRideNowBooking -->
