<?xml version="1.0" encoding="UTF-8"?>
<!-- Generated by org.testng.reporters.JUnitReportReporter -->
<testsuite hostname="Nagarjuna-Y" failures="0" tests="1" name="com.test.automation.RakuRaku.homepage.TC_005_VerifyReservationbooking" time="55.438" errors="0" timestamp="23 Apr 2018 11:38:18 GMT" skipped="0">
  <testcase classname="com.test.automation.RakuRaku.homepage.TC_005_VerifyReservationbooking" name="rideNow" time="55.438"/>
</testsuite> <!-- com.test.automation.RakuRaku.homepage.TC_005_VerifyReservationbooking -->
