<?xml version="1.0" encoding="UTF-8"?>
<!-- Generated by org.testng.reporters.JUnitReportReporter -->
<testsuite skipped="0" hostname="Nagarjuna-Y" name="com.test.automation.RakuRaku.loginpage.TC002_Verifylogin" tests="8" failures="0" timestamp="10 May 2018 09:27:51 GMT" time="25.723" errors="0">
  <testcase name="verifyLogin" time="2.962" classname="com.test.automation.RakuRaku.loginpage.TC002_Verifylogin"/>
  <testcase name="verifyLogin" time="2.854" classname="com.test.automation.RakuRaku.loginpage.TC002_Verifylogin"/>
  <testcase name="verifyLogin" time="2.870" classname="com.test.automation.RakuRaku.loginpage.TC002_Verifylogin"/>
  <testcase name="verifyLogin" time="2.855" classname="com.test.automation.RakuRaku.loginpage.TC002_Verifylogin"/>
  <testcase name="verifyLogin" time="5.521" classname="com.test.automation.RakuRaku.loginpage.TC002_Verifylogin"/>
  <testcase name="verifyLogin" time="2.858" classname="com.test.automation.RakuRaku.loginpage.TC002_Verifylogin"/>
  <testcase name="verifyLogin" time="2.866" classname="com.test.automation.RakuRaku.loginpage.TC002_Verifylogin"/>
  <testcase name="verifyLogin" time="2.937" classname="com.test.automation.RakuRaku.loginpage.TC002_Verifylogin"/>
</testsuite> <!-- com.test.automation.RakuRaku.loginpage.TC002_Verifylogin -->
