<?xml version="1.0" encoding="UTF-8"?>
<!-- Generated by org.testng.reporters.JUnitReportReporter -->
<testsuite skipped="0" hostname="Nagarjuna-Y" name="com.test.automation.RakuRaku.apiserverdown.TC006_ApiServerDown" tests="1" failures="0" timestamp="02 May 2018 06:41:25 GMT" time="5.722" errors="0">
  <testcase name="apiServerDown" time="5.722" classname="com.test.automation.RakuRaku.apiserverdown.TC006_ApiServerDown"/>
</testsuite> <!-- com.test.automation.RakuRaku.apiserverdown.TC006_ApiServerDown -->
