<?xml version="1.0" encoding="UTF-8"?>
<!-- Generated by org.testng.reporters.JUnitReportReporter -->
<testsuite skipped="0" hostname="Nagarjuna-Y" name="com.test.automation.RakuRaku.homepage.TC003_VerifyRideNowBooking" tests="1" failures="0" timestamp="09 May 2018 04:58:20 GMT" time="242.635" errors="0">
  <testcase name="rideNow" time="242.635" classname="com.test.automation.RakuRaku.homepage.TC003_VerifyRideNowBooking"/>
</testsuite> <!-- com.test.automation.RakuRaku.homepage.TC003_VerifyRideNowBooking -->
