<?xml version="1.0" encoding="UTF-8"?>
<!-- Generated by org.testng.reporters.JUnitReportReporter -->
<testsuite hostname="Nagarjuna-Y" failures="0" tests="1" name="com.test.automation.RakuRaku.homepage.TC_007_CallTaxiScreen_Bookingdetails_Validation" time="5.246" errors="0" timestamp="26 Apr 2018 08:55:40 GMT" skipped="0">
  <testcase classname="com.test.automation.RakuRaku.homepage.TC_007_CallTaxiScreen_Bookingdetails_Validation" name="apiServerDown" time="5.246"/>
</testsuite> <!-- com.test.automation.RakuRaku.homepage.TC_007_CallTaxiScreen_Bookingdetails_Validation -->
